<?xml version="1.0" encoding="UTF-8"?>
<!-- Generated by org.testng.reporters.JUnitReportReporter -->
<testsuite hostname="Harsahej" failures="0" tests="1" name="GreenKart.Test.HeaderTest" time="3.239" errors="0" timestamp="2023-05-10T17:19:47 IST" skipped="0">
  <testcase classname="GreenKart.Test.HeaderTest" name="headerLink" time="3.239"/>
  <system-out/>
</testsuite> <!-- GreenKart.Test.HeaderTest -->
