<?xml version="1.0" encoding="UTF-8"?>
<!-- Generated by org.testng.reporters.JUnitReportReporter -->
<testsuite hostname="Harsahej" failures="0" tests="1" name="GreenKart.Test.Testing" time="10.176" errors="0" timestamp="2023-05-10T21:50:42 IST" skipped="0">
  <testcase classname="GreenKart.Test.Testing" name="Order" time="10.176"/>
  <system-out/>
</testsuite> <!-- GreenKart.Test.Testing -->
