<?xml version="1.0" encoding="UTF-8"?>
<!-- Generated by org.testng.reporters.JUnitReportReporter -->
<testsuite hostname="Harsahej" failures="0" tests="4" name="GreenKart.Test.cart" time="3.919" errors="0" timestamp="2023-05-10T17:42:34 IST" skipped="0">
  <testcase classname="GreenKart.Test.cart" name="itemCheck" time="1.104"/>
  <system-out/>
  <testcase classname="GreenKart.Test.cart" name="countCheck" time="0.782"/>
  <system-out/>
  <testcase classname="GreenKart.Test.cart" name="itemCheck" time="1.462"/>
  <system-out/>
  <testcase classname="GreenKart.Test.cart" name="countCheck" time="0.571"/>
  <system-out/>
</testsuite> <!-- GreenKart.Test.cart -->
