<?xml version="1.0" encoding="UTF-8"?>
<!-- Generated by org.testng.reporters.JUnitReportReporter -->
<testsuite hostname="Harsahej" failures="0" tests="1" name="GreenKart.Test.addToCartTest" time="1.112" errors="0" timestamp="2023-05-02T08:31:07 IST" skipped="0">
  <testcase classname="GreenKart.Test.addToCartTest" name="SubmitOrder" time="1.112"/>
  <system-out/>
</testsuite> <!-- GreenKart.Test.addToCartTest -->
