<?xml version="1.0" encoding="UTF-8"?>
<!-- Generated by org.testng.reporters.JUnitReportReporter -->
<testsuite hostname="Harsahej" failures="0" tests="1" name="GreenKart.TestComponents.Testing" time="4.327" errors="0" timestamp="2023-05-03T15:48:57 IST" skipped="0">
  <testcase classname="GreenKart.TestComponents.Testing" name="Test" time="4.327"/>
  <system-out/>
</testsuite> <!-- GreenKart.TestComponents.Testing -->
