<?xml version="1.0" encoding="UTF-8"?>
<!-- Generated by org.testng.reporters.JUnitReportReporter -->
<testsuite hostname="Harsahej" failures="0" tests="3" name="GreenKart.Test.HeaderTest" time="3.423" errors="0" timestamp="2023-05-06T16:35:05 IST" skipped="0">
  <testcase classname="GreenKart.Test.HeaderTest" name="headerLink" time="2.428"/>
  <system-out/>
  <testcase classname="GreenKart.Test.HeaderTest" name="LogoCheck" time="0.073"/>
  <system-out/>
  <testcase classname="GreenKart.Test.HeaderTest" name="textBox" time="0.922"/>
  <system-out/>
</testsuite> <!-- GreenKart.Test.HeaderTest -->
