<?xml version="1.0" encoding="UTF-8"?>
<!-- Generated by org.testng.reporters.JUnitReportReporter -->
<testsuite hostname="Harsahej" failures="0" tests="3" name="GreenKart.Test.HeaderTest" time="2.748" errors="0" timestamp="2023-05-10T21:28:09 IST" skipped="0">
  <testcase classname="GreenKart.Test.HeaderTest" name="headerLink" time="1.879"/>
  <system-out/>
  <testcase classname="GreenKart.Test.HeaderTest" name="LogoCheck" time="0.071"/>
  <system-out/>
  <testcase classname="GreenKart.Test.HeaderTest" name="textBox" time="0.798"/>
  <system-out/>
</testsuite> <!-- GreenKart.Test.HeaderTest -->
